2025-07-13T04:10:11.781Z  INFO 14 --- [main] com.example.WeatherApp                   : Starting WeatherApp v1.0.0 using Java 17.0.15 with PID 14 (/app/app.jar started by root in /app)
2025-07-13T04:10:11.785Z  INFO 14 --- [main] com.example.WeatherApp                   : No active profile set, falling back to 1 default profile: "default"
2025-07-13T04:10:13.050Z  INFO 14 --- [main] .s.d.r.c.RepositoryConfigurationDelegate : Bootstrapping Spring Data JPA repositories in DEFAULT mode.
2025-07-13T04:10:13.120Z  INFO 14 --- [main] .s.d.r.c.RepositoryConfigurationDelegate : Finished Spring Data repository scanning in 56 ms. Found 1 JPA repository interfaces.
2025-07-13T04:10:13.929Z  INFO 14 --- [main] o.s.b.w.embedded.tomcat.TomcatWebServer  : Tomcat initialized with port(s): 8080 (http)
2025-07-13T04:10:13.940Z  INFO 14 --- [main] o.apache.catalina.core.StandardService   : Starting service [Tomcat]
2025-07-13T04:10:13.941Z  INFO 14 --- [main] o.apache.catalina.core.StandardEngine    : Starting Servlet engine: [Apache Tomcat/10.1.8]
2025-07-13T04:10:14.053Z  INFO 14 --- [main] o.a.c.c.C.[Tomcat].[localhost].[/]       : Initializing Spring embedded WebApplicationContext
2025-07-13T04:10:14.054Z  INFO 14 --- [main] w.s.c.ServletWebServerApplicationContext : Root WebApplicationContext: initialization completed in 2187 ms
2025-07-13T04:10:14.188Z  INFO 14 --- [main] com.zaxxer.hikari.HikariDataSource       : HikariPool-1 - Starting...
2025-07-13T04:10:14.400Z  INFO 14 --- [main] com.zaxxer.hikari.pool.HikariPool        : HikariPool-1 - Added connection org.postgresql.jdbc.PgConnection@756cf158
2025-07-13T04:10:14.402Z  INFO 14 --- [main] com.zaxxer.hikari.HikariDataSource       : HikariPool-1 - Start completed.
2025-07-13T04:10:14.511Z  INFO 14 --- [main] o.hibernate.jpa.internal.util.LogHelper  : HHH000204: Processing PersistenceUnitInfo [name: default]
2025-07-13T04:10:14.618Z  INFO 14 --- [main] org.hibernate.Version                    : HHH000412: Hibernate ORM core version 6.2.2.Final
2025-07-13T04:10:14.624Z  INFO 14 --- [main] org.hibernate.cfg.Environment            : HHH000406: Using bytecode reflection optimizer
2025-07-13T04:10:14.840Z  INFO 14 --- [main] o.h.b.i.BytecodeProviderInitiator        : HHH000021: Bytecode provider name : bytebuddy
2025-07-13T04:10:15.064Z  INFO 14 --- [main] o.s.o.j.p.SpringPersistenceUnitInfo      : No LoadTimeWeaver setup: ignoring JPA class transformer
2025-07-13T04:10:15.179Z  INFO 14 --- [main] org.hibernate.orm.dialect                : HHH035001: Using dialect: org.hibernate.dialect.PostgreSQLDialect, version: org.hibernate.engine.jdbc.env.internal.JdbcEnvironmentInitiator$DialectResolutionInfoImpl@5e63cad
2025-07-13T04:10:15.412Z  INFO 14 --- [main] o.h.b.i.BytecodeProviderInitiator        : HHH000021: Bytecode provider name : bytebuddy
2025-07-13T04:10:16.077Z  INFO 14 --- [main] o.h.e.t.j.p.i.JtaPlatformInitiator       : HHH000490: Using JtaPlatform implementation: [org.hibernate.engine.transaction.jta.platform.internal.NoJtaPlatform]
2025-07-13T04:10:16.178Z  INFO 14 --- [main] j.LocalContainerEntityManagerFactoryBean : Initialized JPA EntityManagerFactory for persistence unit 'default'
2025-07-13T04:10:17.474Z  WARN 14 --- [main] JpaBaseConfiguration$JpaWebConfiguration : spring.jpa.open-in-view is enabled by default. Therefore, database queries may be performed during view rendering. Explicitly configure spring.jpa.open-in-view to disable this warning
2025-07-13T04:10:18.035Z  INFO 14 --- [main] o.s.b.w.embedded.tomcat.TomcatWebServer  : Tomcat started on port(s): 8080 (http) with context path ''
2025-07-13T04:10:18.054Z  INFO 14 --- [main] com.example.WeatherApp                   : Started WeatherApp in 7.023 seconds (process running for 7.86)
2025-07-13T04:10:25.540Z  INFO 14 --- [http-nio-8080-exec-1] o.a.c.c.C.[Tomcat].[localhost].[/]       : Initializing Spring DispatcherServlet 'dispatcherServlet'
2025-07-13T04:10:25.542Z  INFO 14 --- [http-nio-8080-exec-1] o.s.web.servlet.DispatcherServlet        : Initializing Servlet 'dispatcherServlet'
2025-07-13T04:10:25.546Z  INFO 14 --- [http-nio-8080-exec-1] o.s.web.servlet.DispatcherServlet        : Completed initialization in 4 ms
2025-07-13T04:23:32.190Z  WARN 14 --- [http-nio-8080-exec-3] .w.s.m.s.DefaultHandlerExceptionResolver : Resolved [org.springframework.web.HttpRequestMethodNotSupportedException: Request method 'GET' is not supported]
2025-07-13T12:23:06.964Z  INFO 14 --- [main] com.example.WeatherApp                   : Starting WeatherApp v1.0.0 using Java 17.0.15 with PID 14 (/app/app.jar started by root in /app)
2025-07-13T12:23:06.970Z  INFO 14 --- [main] com.example.WeatherApp                   : No active profile set, falling back to 1 default profile: "default"
2025-07-13T12:23:08.014Z  INFO 14 --- [main] .s.d.r.c.RepositoryConfigurationDelegate : Bootstrapping Spring Data JPA repositories in DEFAULT mode.
2025-07-13T12:23:08.089Z  INFO 14 --- [main] .s.d.r.c.RepositoryConfigurationDelegate : Finished Spring Data repository scanning in 62 ms. Found 1 JPA repository interfaces.
2025-07-13T12:23:08.766Z  INFO 14 --- [main] o.s.b.w.embedded.tomcat.TomcatWebServer  : Tomcat initialized with port(s): 8080 (http)
2025-07-13T12:23:08.784Z  INFO 14 --- [main] o.apache.catalina.core.StandardService   : Starting service [Tomcat]
2025-07-13T12:23:08.785Z  INFO 14 --- [main] o.apache.catalina.core.StandardEngine    : Starting Servlet engine: [Apache Tomcat/10.1.8]
2025-07-13T12:23:08.876Z  INFO 14 --- [main] o.a.c.c.C.[Tomcat].[localhost].[/]       : Initializing Spring embedded WebApplicationContext
2025-07-13T12:23:08.878Z  INFO 14 --- [main] w.s.c.ServletWebServerApplicationContext : Root WebApplicationContext: initialization completed in 1841 ms
2025-07-13T12:23:09.005Z  INFO 14 --- [main] com.zaxxer.hikari.HikariDataSource       : HikariPool-1 - Starting...
2025-07-13T12:23:09.201Z  INFO 14 --- [main] com.zaxxer.hikari.pool.HikariPool        : HikariPool-1 - Added connection org.postgresql.jdbc.PgConnection@72bd06ca
2025-07-13T12:23:09.205Z  INFO 14 --- [main] com.zaxxer.hikari.HikariDataSource       : HikariPool-1 - Start completed.
2025-07-13T12:23:09.316Z  INFO 14 --- [main] o.hibernate.jpa.internal.util.LogHelper  : HHH000204: Processing PersistenceUnitInfo [name: default]
2025-07-13T12:23:09.410Z  INFO 14 --- [main] org.hibernate.Version                    : HHH000412: Hibernate ORM core version 6.2.2.Final
2025-07-13T12:23:09.414Z  INFO 14 --- [main] org.hibernate.cfg.Environment            : HHH000406: Using bytecode reflection optimizer
2025-07-13T12:23:09.582Z  INFO 14 --- [main] o.h.b.i.BytecodeProviderInitiator        : HHH000021: Bytecode provider name : bytebuddy
2025-07-13T12:23:09.744Z  INFO 14 --- [main] o.s.o.j.p.SpringPersistenceUnitInfo      : No LoadTimeWeaver setup: ignoring JPA class transformer
2025-07-13T12:23:09.823Z  INFO 14 --- [main] org.hibernate.orm.dialect                : HHH035001: Using dialect: org.hibernate.dialect.PostgreSQLDialect, version: org.hibernate.engine.jdbc.env.internal.JdbcEnvironmentInitiator$DialectResolutionInfoImpl@6a078481
2025-07-13T12:23:10.026Z  INFO 14 --- [main] o.h.b.i.BytecodeProviderInitiator        : HHH000021: Bytecode provider name : bytebuddy
2025-07-13T12:23:10.619Z  INFO 14 --- [main] o.h.e.t.j.p.i.JtaPlatformInitiator       : HHH000490: Using JtaPlatform implementation: [org.hibernate.engine.transaction.jta.platform.internal.NoJtaPlatform]
2025-07-13T12:23:10.708Z  INFO 14 --- [main] j.LocalContainerEntityManagerFactoryBean : Initialized JPA EntityManagerFactory for persistence unit 'default'
2025-07-13T12:23:11.919Z  WARN 14 --- [main] JpaBaseConfiguration$JpaWebConfiguration : spring.jpa.open-in-view is enabled by default. Therefore, database queries may be performed during view rendering. Explicitly configure spring.jpa.open-in-view to disable this warning
2025-07-13T12:23:12.471Z  INFO 14 --- [main] o.s.b.w.embedded.tomcat.TomcatWebServer  : Tomcat started on port(s): 8080 (http) with context path ''
2025-07-13T12:23:12.482Z  INFO 14 --- [main] com.example.WeatherApp                   : Started WeatherApp in 6.196 seconds (process running for 6.87)
2025-07-13T12:23:20.854Z  INFO 14 --- [http-nio-8080-exec-1] o.a.c.c.C.[Tomcat].[localhost].[/]       : Initializing Spring DispatcherServlet 'dispatcherServlet'
2025-07-13T12:23:20.856Z  INFO 14 --- [http-nio-8080-exec-1] o.s.web.servlet.DispatcherServlet        : Initializing Servlet 'dispatcherServlet'
2025-07-13T12:23:20.859Z  INFO 14 --- [http-nio-8080-exec-1] o.s.web.servlet.DispatcherServlet        : Completed initialization in 3 ms
2025-07-13T12:25:51.235Z  INFO 14 --- [http-nio-8080-exec-2] o.springdoc.api.AbstractOpenApiResource  : Init duration for springdoc-openapi is: 351 ms
